[debug] [2025-01-29T01:02:51.711Z] [Firebase Plugin] Activating Firebase extension.
[debug] [2025-01-29T01:02:54.741Z] [Firebase Plugin] VSCode notification server listening on port 40001
[info] [Firebase Plugin] Starting Data Connect toolkit on port 50001
[debug] [2025-01-29T01:02:56.307Z] 'fdc build' failed with error: Unable to build your Data Connect schema and connectors (exit code 1): E0128 20:02:56.191872   25432 cmd.go:43] Error loading data connect config: could not find dataconnect.yaml in `c:\Users\Usuario\Documents\hoteloms\hoteloms\dataconnect`
 {"metadata":{"emulator":{"name":"dataconnect"},"message":"'fdc build' failed with error: Unable to build your Data Connect schema and connectors (exit code 1): E0128 20:02:56.191872   25432 cmd.go:43] Error loading data connect config: could not find dataconnect.yaml in `c:\\Users\\Usuario\\Documents\\hoteloms\\hoteloms\\dataconnect`\n"}}
[debug] [2025-01-29T01:02:56.308Z] Ignoring unsupported arg: auto_download {"metadata":{"emulator":{"name":"dataconnect"},"message":"Ignoring unsupported arg: auto_download"}}
[debug] [2025-01-29T01:02:56.308Z] Ignoring unsupported arg: port {"metadata":{"emulator":{"name":"dataconnect"},"message":"Ignoring unsupported arg: port"}}
[debug] [2025-01-29T01:02:56.309Z] Starting Data Connect Emulator with command {"binary":"C:\\Users\\Usuario\\.cache\\firebase\\emulators\\dataconnect-emulator-1.7.6.exe","args":["--logtostderr","-v=2","dev","--listen=localhost:50001","--config_dir=c:\\Users\\Usuario\\Documents\\hoteloms\\hoteloms\\dataconnect","--enable_output_schema_extensions=true","--enable_output_generated_sdk=true"],"optionalArgs":["listen","config_dir","enable_output_schema_extensions","enable_output_generated_sdk"],"joinArgs":true,"shell":false,"port":9399} {"metadata":{"emulator":{"name":"dataconnect"},"message":"Starting Data Connect Emulator with command {\"binary\":\"C:\\\\Users\\\\Usuario\\\\.cache\\\\firebase\\\\emulators\\\\dataconnect-emulator-1.7.6.exe\",\"args\":[\"--logtostderr\",\"-v=2\",\"dev\",\"--listen=localhost:50001\",\"--config_dir=c:\\\\Users\\\\Usuario\\\\Documents\\\\hoteloms\\\\hoteloms\\\\dataconnect\",\"--enable_output_schema_extensions=true\",\"--enable_output_generated_sdk=true\"],\"optionalArgs\":[\"listen\",\"config_dir\",\"enable_output_schema_extensions\",\"enable_output_generated_sdk\"],\"joinArgs\":true,\"shell\":false,\"port\":9399}"}}
[info] i  dataconnect: Data Connect Emulator logging to dataconnect-debug.log {"metadata":{"emulator":{"name":"dataconnect"},"message":"Data Connect Emulator logging to \u001b[1mdataconnect-debug.log\u001b[22m"}}
[debug] [2025-01-29T01:02:56.759Z] E0128 20:02:56.510976    7604 load.go:23] Could not load config from "c:\\Users\\Usuario\\Documents\\hoteloms\\hoteloms\\dataconnect": could not find dataconnect.yaml in `c:\Users\Usuario\Documents\hoteloms\hoteloms\dataconnect`
E0128 20:02:56.543881    7604 watch.go:76] watchAllDir unable to walk dir `c:\Users\Usuario\Documents\hoteloms\hoteloms\dataconnect`: on path "c:\\Users\\Usuario\\Documents\\hoteloms\\hoteloms\\dataconnect" (DirEntry: <nil>): CreateFile c:\Users\Usuario\Documents\hoteloms\hoteloms\dataconnect: The system cannot find the file specified.
I0128 20:02:56.553389    7604 dev.go:95] Listening on address (HTTP + gRPC): 127.0.0.1:50001
 {"metadata":{"emulator":{"name":"dataconnect"},"message":"E0128 20:02:56.510976    7604 load.go:23] Could not load config from \"c:\\\\Users\\\\Usuario\\\\Documents\\\\hoteloms\\\\hoteloms\\\\dataconnect\": could not find dataconnect.yaml in `c:\\Users\\Usuario\\Documents\\hoteloms\\hoteloms\\dataconnect`\nE0128 20:02:56.543881    7604 watch.go:76] watchAllDir unable to walk dir `c:\\Users\\Usuario\\Documents\\hoteloms\\hoteloms\\dataconnect`: on path \"c:\\\\Users\\\\Usuario\\\\Documents\\\\hoteloms\\\\hoteloms\\\\dataconnect\" (DirEntry: <nil>): CreateFile c:\\Users\\Usuario\\Documents\\hoteloms\\hoteloms\\dataconnect: The system cannot find the file specified.\nI0128 20:02:56.553389    7604 dev.go:95] Listening on address (HTTP + gRPC): 127.0.0.1:50001\n"}}
[error] [Firebase Plugin] error:  {}
[debug] [2025-01-29T01:03:06.546Z] E0128 20:03:06.545847    7604 load.go:23] Could not load config from "c:\\Users\\Usuario\\Documents\\hoteloms\\hoteloms\\dataconnect": could not find dataconnect.yaml in `c:\Users\Usuario\Documents\hoteloms\hoteloms\dataconnect`
 {"metadata":{"emulator":{"name":"dataconnect"},"message":"E0128 20:03:06.545847    7604 load.go:23] Could not load config from \"c:\\\\Users\\\\Usuario\\\\Documents\\\\hoteloms\\\\hoteloms\\\\dataconnect\": could not find dataconnect.yaml in `c:\\Users\\Usuario\\Documents\\hoteloms\\hoteloms\\dataconnect`\n"}}
[debug] [2025-01-29T01:03:16.545Z] E0128 20:03:16.545498    7604 load.go:23] Could not load config from "c:\\Users\\Usuario\\Documents\\hoteloms\\hoteloms\\dataconnect": could not find dataconnect.yaml in `c:\Users\Usuario\Documents\hoteloms\hoteloms\dataconnect`
 {"metadata":{"emulator":{"name":"dataconnect"},"message":"E0128 20:03:16.545498    7604 load.go:23] Could not load config from \"c:\\\\Users\\\\Usuario\\\\Documents\\\\hoteloms\\\\hoteloms\\\\dataconnect\": could not find dataconnect.yaml in `c:\\Users\\Usuario\\Documents\\hoteloms\\hoteloms\\dataconnect`\n"}}
[debug] [2025-01-29T01:03:26.563Z] E0128 20:03:26.562881    7604 load.go:23] Could not load config from "c:\\Users\\Usuario\\Documents\\hoteloms\\hoteloms\\dataconnect": could not find dataconnect.yaml in `c:\Users\Usuario\Documents\hoteloms\hoteloms\dataconnect`
 {"metadata":{"emulator":{"name":"dataconnect"},"message":"E0128 20:03:26.562881    7604 load.go:23] Could not load config from \"c:\\\\Users\\\\Usuario\\\\Documents\\\\hoteloms\\\\hoteloms\\\\dataconnect\": could not find dataconnect.yaml in `c:\\Users\\Usuario\\Documents\\hoteloms\\hoteloms\\dataconnect`\n"}}
[debug] [2025-01-29T01:03:36.545Z] E0128 20:03:36.544852    7604 load.go:23] Could not load config from "c:\\Users\\Usuario\\Documents\\hoteloms\\hoteloms\\dataconnect": could not find dataconnect.yaml in `c:\Users\Usuario\Documents\hoteloms\hoteloms\dataconnect`
 {"metadata":{"emulator":{"name":"dataconnect"},"message":"E0128 20:03:36.544852    7604 load.go:23] Could not load config from \"c:\\\\Users\\\\Usuario\\\\Documents\\\\hoteloms\\\\hoteloms\\\\dataconnect\": could not find dataconnect.yaml in `c:\\Users\\Usuario\\Documents\\hoteloms\\hoteloms\\dataconnect`\n"}}
[debug] [2025-01-29T01:03:46.547Z] E0128 20:03:46.547523    7604 load.go:23] Could not load config from "c:\\Users\\Usuario\\Documents\\hoteloms\\hoteloms\\dataconnect": could not find dataconnect.yaml in `c:\Users\Usuario\Documents\hoteloms\hoteloms\dataconnect`
 {"metadata":{"emulator":{"name":"dataconnect"},"message":"E0128 20:03:46.547523    7604 load.go:23] Could not load config from \"c:\\\\Users\\\\Usuario\\\\Documents\\\\hoteloms\\\\hoteloms\\\\dataconnect\": could not find dataconnect.yaml in `c:\\Users\\Usuario\\Documents\\hoteloms\\hoteloms\\dataconnect`\n"}}
[debug] [2025-01-29T01:03:56.558Z] E0128 20:03:56.557907    7604 load.go:23] Could not load config from "c:\\Users\\Usuario\\Documents\\hoteloms\\hoteloms\\dataconnect": could not find dataconnect.yaml in `c:\Users\Usuario\Documents\hoteloms\hoteloms\dataconnect`
 {"metadata":{"emulator":{"name":"dataconnect"},"message":"E0128 20:03:56.557907    7604 load.go:23] Could not load config from \"c:\\\\Users\\\\Usuario\\\\Documents\\\\hoteloms\\\\hoteloms\\\\dataconnect\": could not find dataconnect.yaml in `c:\\Users\\Usuario\\Documents\\hoteloms\\hoteloms\\dataconnect`\n"}}
[debug] [2025-01-29T01:04:06.545Z] E0128 20:04:06.545415    7604 load.go:23] Could not load config from "c:\\Users\\Usuario\\Documents\\hoteloms\\hoteloms\\dataconnect": could not find dataconnect.yaml in `c:\Users\Usuario\Documents\hoteloms\hoteloms\dataconnect`
 {"metadata":{"emulator":{"name":"dataconnect"},"message":"E0128 20:04:06.545415    7604 load.go:23] Could not load config from \"c:\\\\Users\\\\Usuario\\\\Documents\\\\hoteloms\\\\hoteloms\\\\dataconnect\": could not find dataconnect.yaml in `c:\\Users\\Usuario\\Documents\\hoteloms\\hoteloms\\dataconnect`\n"}}
[debug] [2025-01-29T01:04:16.551Z] E0128 20:04:16.551082    7604 load.go:23] Could not load config from "c:\\Users\\Usuario\\Documents\\hoteloms\\hoteloms\\dataconnect": could not find dataconnect.yaml in `c:\Users\Usuario\Documents\hoteloms\hoteloms\dataconnect`
 {"metadata":{"emulator":{"name":"dataconnect"},"message":"E0128 20:04:16.551082    7604 load.go:23] Could not load config from \"c:\\\\Users\\\\Usuario\\\\Documents\\\\hoteloms\\\\hoteloms\\\\dataconnect\": could not find dataconnect.yaml in `c:\\Users\\Usuario\\Documents\\hoteloms\\hoteloms\\dataconnect`\n"}}
[debug] [2025-01-29T01:04:26.554Z] E0128 20:04:26.553955    7604 load.go:23] Could not load config from "c:\\Users\\Usuario\\Documents\\hoteloms\\hoteloms\\dataconnect": could not find dataconnect.yaml in `c:\Users\Usuario\Documents\hoteloms\hoteloms\dataconnect`
 {"metadata":{"emulator":{"name":"dataconnect"},"message":"E0128 20:04:26.553955    7604 load.go:23] Could not load config from \"c:\\\\Users\\\\Usuario\\\\Documents\\\\hoteloms\\\\hoteloms\\\\dataconnect\": could not find dataconnect.yaml in `c:\\Users\\Usuario\\Documents\\hoteloms\\hoteloms\\dataconnect`\n"}}
[debug] [2025-01-29T01:04:36.558Z] E0128 20:04:36.558575    7604 load.go:23] Could not load config from "c:\\Users\\Usuario\\Documents\\hoteloms\\hoteloms\\dataconnect": could not find dataconnect.yaml in `c:\Users\Usuario\Documents\hoteloms\hoteloms\dataconnect`
 {"metadata":{"emulator":{"name":"dataconnect"},"message":"E0128 20:04:36.558575    7604 load.go:23] Could not load config from \"c:\\\\Users\\\\Usuario\\\\Documents\\\\hoteloms\\\\hoteloms\\\\dataconnect\": could not find dataconnect.yaml in `c:\\Users\\Usuario\\Documents\\hoteloms\\hoteloms\\dataconnect`\n"}}
[debug] [2025-01-29T01:04:46.545Z] E0128 20:04:46.545159    7604 load.go:23] Could not load config from "c:\\Users\\Usuario\\Documents\\hoteloms\\hoteloms\\dataconnect": could not find dataconnect.yaml in `c:\Users\Usuario\Documents\hoteloms\hoteloms\dataconnect`
 {"metadata":{"emulator":{"name":"dataconnect"},"message":"E0128 20:04:46.545159    7604 load.go:23] Could not load config from \"c:\\\\Users\\\\Usuario\\\\Documents\\\\hoteloms\\\\hoteloms\\\\dataconnect\": could not find dataconnect.yaml in `c:\\Users\\Usuario\\Documents\\hoteloms\\hoteloms\\dataconnect`\n"}}
[debug] [2025-01-29T01:04:56.545Z] E0128 20:04:56.545168    7604 load.go:23] Could not load config from "c:\\Users\\Usuario\\Documents\\hoteloms\\hoteloms\\dataconnect": could not find dataconnect.yaml in `c:\Users\Usuario\Documents\hoteloms\hoteloms\dataconnect`
 {"metadata":{"emulator":{"name":"dataconnect"},"message":"E0128 20:04:56.545168    7604 load.go:23] Could not load config from \"c:\\\\Users\\\\Usuario\\\\Documents\\\\hoteloms\\\\hoteloms\\\\dataconnect\": could not find dataconnect.yaml in `c:\\Users\\Usuario\\Documents\\hoteloms\\hoteloms\\dataconnect`\n"}}
[debug] [2025-01-29T01:04:56.546Z] E0128 20:04:56.545168    7604 watch.go:76] watchAllDir unable to walk dir `c:\Users\Usuario\Documents\hoteloms\hoteloms\dataconnect`: on path "c:\\Users\\Usuario\\Documents\\hoteloms\\hoteloms\\dataconnect" (DirEntry: <nil>): CreateFile c:\Users\Usuario\Documents\hoteloms\hoteloms\dataconnect: The system cannot find the file specified.
 {"metadata":{"emulator":{"name":"dataconnect"},"message":"E0128 20:04:56.545168    7604 watch.go:76] watchAllDir unable to walk dir `c:\\Users\\Usuario\\Documents\\hoteloms\\hoteloms\\dataconnect`: on path \"c:\\\\Users\\\\Usuario\\\\Documents\\\\hoteloms\\\\hoteloms\\\\dataconnect\" (DirEntry: <nil>): CreateFile c:\\Users\\Usuario\\Documents\\hoteloms\\hoteloms\\dataconnect: The system cannot find the file specified.\n"}}
[debug] [2025-01-29T01:05:06.545Z] E0128 20:05:06.545966    7604 load.go:23] Could not load config from "c:\\Users\\Usuario\\Documents\\hoteloms\\hoteloms\\dataconnect": could not find dataconnect.yaml in `c:\Users\Usuario\Documents\hoteloms\hoteloms\dataconnect`
 {"metadata":{"emulator":{"name":"dataconnect"},"message":"E0128 20:05:06.545966    7604 load.go:23] Could not load config from \"c:\\\\Users\\\\Usuario\\\\Documents\\\\hoteloms\\\\hoteloms\\\\dataconnect\": could not find dataconnect.yaml in `c:\\Users\\Usuario\\Documents\\hoteloms\\hoteloms\\dataconnect`\n"}}
[debug] [2025-01-29T01:05:16.545Z] E0128 20:05:16.545493    7604 load.go:23] Could not load config from "c:\\Users\\Usuario\\Documents\\hoteloms\\hoteloms\\dataconnect": could not find dataconnect.yaml in `c:\Users\Usuario\Documents\hoteloms\hoteloms\dataconnect`
 {"metadata":{"emulator":{"name":"dataconnect"},"message":"E0128 20:05:16.545493    7604 load.go:23] Could not load config from \"c:\\\\Users\\\\Usuario\\\\Documents\\\\hoteloms\\\\hoteloms\\\\dataconnect\": could not find dataconnect.yaml in `c:\\Users\\Usuario\\Documents\\hoteloms\\hoteloms\\dataconnect`\n"}}
